Need more input: 
I just heard you say:"YOU LISTENING"
I'm thinking now
Need more input: 
I just heard you say:"ARE YOU ON FACEBOOK"
I'm thinking now
Need more input: 
I just heard you say:"BE QUIET"
I'm thinking now
Need more input: 
I just heard you say:"BE VERY VERY QUIET"
I'm thinking now
Need more input: 
I just heard you say:"DID YOU HEAR ME"
I'm thinking now
Need more input: 
I just heard you say:"DID YOU UNDERSTAND THAT"
I'm thinking now
Need more input: 
I just heard you say:"TAKE DICTATION"
I'm thinking now
Need more input: 
I just heard you say:"DRIVE FORWARD SLOWLY"
I'm thinking now
Need more input: 
I just heard you say:"GO BACKWARD QUICKLY"
I'm thinking now
Need more input: 
I just heard you say:"HELLO POGO"
I'm thinking now
Need more input: 
I just heard you say:"HOW ARE YOU PROGRAMMED"
I'm thinking now
Need more input: 
I just heard you say:"HOW ARE YOU DO BATTERIES LAST"
I'm thinking now
Need more input: 
I just heard you say:"HOW LONG HAVE YOU BEEN RUNNING"
I'm thinking now
Need more input: 
I just heard you say:"HOW MUCH FREE MEMORY DO YOU HAVE"
I'm thinking now
Need more input: 
I just heard you say:"ALAN AT THE COMPUTER"
I'm thinking now
Need more input: 
I just heard you say:"IS HANNA IN THE KITCHEN"
I'm thinking now
Need more input: 
I just heard you say:"IS IT GOING TO RAIN"
I'm thinking now
Need more input: 
I just heard you say:"IS THE SUN OUT WHAT"
I'm thinking now
Need more input: 
I just heard you say:"MOVE BACK A LITTLE WHAT"
I'm thinking now
Need more input: 
I just heard you say:"RASPBERRY PI B PLUS"
I'm thinking now
Need more input: 
I just heard you say:"RASPBERRY PI FREE"
I'm thinking now
Need more input: 
I just heard you say:"IMMEDIATELY"
I'm thinking now
Need more input: 
I just heard you say:"GO SHUTDOWN MINUS R NOW"
I'm thinking now
Need more input: 
I just heard you say:"SUDO SHUTDOWN MINUS R NOW"
I'm thinking now
Need more input: 
I just heard you say:"TURN FORTY FIVE DEGREES LEFT"
I'm thinking now
Need more input: 
I just heard you say:"NINETY DEGREES RIGHT"
I'm thinking now
Need more input: 
I just heard you say:"WHAT CAN YOU DO"
I'm thinking now
Need more input: 
I just heard you say:"WHAT DID YOU UNDERSTAND"
I'm thinking now
Need more input: 
I just heard you say:"WHAT IS ALAN DOING"
I'm thinking now
Need more input: 
I just heard you say:"WHAT IS THE DATE TODAY"
I'm thinking now
Need more input: 
I just heard you say:"WHAT IS YOUR OPERATING SYSTEM"
I'm thinking now
Need more input: 
I just heard you say:"WHAT TEXT TO SPEECH PACKAGE DO YOU USE"
I'm thinking now
Need more input: 
I just heard you say:"WHEN WHICH YOUR LAST BACKUP"
I'm thinking now
Need more input: 
I just heard you say:"ARE"
I'm thinking now
Need more input: 
I just heard you say:"ARE"
I'm thinking now
Need more input: 
I just heard you say:"WHISPER"
I'm thinking now
Need more input: 
I just heard you say:"YOU"
I'm thinking now
Need more input: 
Goodbye.
