INFO: ngram_search_fwdtree.c(1567): fwdtree 0.70 CPU 0.376 xRT
INFO: ngram_search_fwdtree.c(1570): fwdtree 2.44 wall 1.314 xRT
INFO: ngram_search_fwdflat.c(957): fwdflat 0.47 CPU 0.253 xRT
INFO: ngram_search_fwdflat.c(960): fwdflat 0.47 wall 0.253 xRT
INFO: ngram_search.c(874): bestpath 0.01 CPU 0.005 xRT
INFO: ngram_search.c(877): bestpath 0.01 wall 0.006 xRT
INFO: ngram_search_fwdtree.c(1567): fwdtree 1.01 CPU 0.365 xRT
INFO: ngram_search_fwdtree.c(1570): fwdtree 3.40 wall 1.229 xRT
INFO: ngram_search_fwdflat.c(957): fwdflat 0.30 CPU 0.108 xRT
INFO: ngram_search_fwdflat.c(960): fwdflat 0.30 wall 0.107 xRT
INFO: ngram_search.c(874): bestpath 0.00 CPU 0.000 xRT
INFO: ngram_search.c(877): bestpath 0.00 wall 0.001 xRT
INFO: ngram_search_fwdtree.c(1567): fwdtree 0.63 CPU 0.375 xRT
INFO: ngram_search_fwdtree.c(1570): fwdtree 2.35 wall 1.398 xRT
INFO: ngram_search_fwdflat.c(957): fwdflat 0.36 CPU 0.214 xRT
INFO: ngram_search_fwdflat.c(960): fwdflat 0.36 wall 0.217 xRT
INFO: ngram_search.c(874): bestpath 0.00 CPU 0.000 xRT
INFO: ngram_search.c(877): bestpath 0.00 wall 0.001 xRT
INFO: ngram_search_fwdtree.c(1567): fwdtree 0.78 CPU 0.379 xRT
INFO: ngram_search_fwdtree.c(1570): fwdtree 2.86 wall 1.389 xRT
INFO: ngram_search_fwdflat.c(957): fwdflat 0.41 CPU 0.199 xRT
INFO: ngram_search_fwdflat.c(960): fwdflat 0.42 wall 0.203 xRT
INFO: ngram_search.c(874): bestpath 0.01 CPU 0.005 xRT
INFO: ngram_search.c(877): bestpath 0.00 wall 0.001 xRT
INFO: ngram_search_fwdtree.c(1567): fwdtree 0.76 CPU 0.362 xRT
INFO: ngram_search_fwdtree.c(1570): fwdtree 2.18 wall 1.039 xRT
INFO: ngram_search_fwdflat.c(957): fwdflat 0.34 CPU 0.162 xRT
INFO: ngram_search_fwdflat.c(960): fwdflat 0.34 wall 0.163 xRT
INFO: ngram_search.c(874): bestpath 0.00 CPU 0.000 xRT
INFO: ngram_search.c(877): bestpath 0.00 wall 0.000 xRT
INFO: ngram_search_fwdtree.c(1567): fwdtree 0.48 CPU 0.375 xRT
INFO: ngram_search_fwdtree.c(1570): fwdtree 1.39 wall 1.086 xRT
INFO: ngram_search_fwdflat.c(957): fwdflat 0.19 CPU 0.148 xRT
INFO: ngram_search_fwdflat.c(960): fwdflat 0.19 wall 0.145 xRT
INFO: ngram_search.c(874): bestpath 0.00 CPU 0.000 xRT
INFO: ngram_search.c(877): bestpath 0.00 wall 0.000 xRT
INFO: ngram_search_fwdtree.c(1567): fwdtree 1.08 CPU 0.361 xRT
INFO: ngram_search_fwdtree.c(1570): fwdtree 3.05 wall 1.021 xRT
INFO: ngram_search_fwdflat.c(957): fwdflat 0.45 CPU 0.151 xRT
INFO: ngram_search_fwdflat.c(960): fwdflat 0.45 wall 0.149 xRT
INFO: ngram_search.c(874): bestpath 0.00 CPU 0.000 xRT
INFO: ngram_search.c(877): bestpath 0.00 wall 0.001 xRT
INFO: ngram_search_fwdtree.c(1567): fwdtree 0.75 CPU 0.366 xRT
INFO: ngram_search_fwdtree.c(1570): fwdtree 2.12 wall 1.034 xRT
INFO: ngram_search_fwdflat.c(957): fwdflat 0.27 CPU 0.132 xRT
INFO: ngram_search_fwdflat.c(960): fwdflat 0.27 wall 0.133 xRT
INFO: ngram_search.c(874): bestpath 0.00 CPU 0.000 xRT
INFO: ngram_search.c(877): bestpath 0.00 wall 0.000 xRT
INFO: ngram_search_fwdtree.c(1567): fwdtree 0.59 CPU 0.351 xRT
INFO: ngram_search_fwdtree.c(1570): fwdtree 1.74 wall 1.035 xRT
INFO: ngram_search_fwdflat.c(957): fwdflat 0.26 CPU 0.155 xRT
INFO: ngram_search_fwdflat.c(960): fwdflat 0.25 wall 0.150 xRT
INFO: ngram_search.c(874): bestpath 0.00 CPU 0.000 xRT
INFO: ngram_search.c(877): bestpath 0.00 wall 0.001 xRT
INFO: ngram_search_fwdtree.c(1567): fwdtree 0.75 CPU 0.359 xRT
INFO: ngram_search_fwdtree.c(1570): fwdtree 2.18 wall 1.045 xRT
INFO: ngram_search_fwdflat.c(957): fwdflat 0.22 CPU 0.105 xRT
INFO: ngram_search_fwdflat.c(960): fwdflat 0.22 wall 0.107 xRT
INFO: ngram_search.c(874): bestpath 0.01 CPU 0.005 xRT
INFO: ngram_search.c(877): bestpath 0.00 wall 0.000 xRT
INFO: ngram_search_fwdtree.c(1567): fwdtree 0.27 CPU 0.422 xRT
INFO: ngram_search_fwdtree.c(1570): fwdtree 0.71 wall 1.114 xRT
INFO: ngram_search_fwdflat.c(957): fwdflat 0.13 CPU 0.203 xRT
INFO: ngram_search_fwdflat.c(960): fwdflat 0.13 wall 0.210 xRT
INFO: ngram_search.c(874): bestpath 0.00 CPU 0.000 xRT
INFO: ngram_search.c(877): bestpath 0.00 wall 0.002 xRT
INFO: ngram_search_fwdtree.c(1567): fwdtree 0.73 CPU 0.372 xRT
INFO: ngram_search_fwdtree.c(1570): fwdtree 2.09 wall 1.067 xRT
INFO: ngram_search_fwdflat.c(957): fwdflat 0.32 CPU 0.163 xRT
INFO: ngram_search_fwdflat.c(960): fwdflat 0.32 wall 0.163 xRT
INFO: ngram_search.c(874): bestpath 0.00 CPU 0.000 xRT
INFO: ngram_search.c(877): bestpath 0.00 wall 0.001 xRT
INFO: ngram_search_fwdtree.c(1567): fwdtree 0.66 CPU 0.361 xRT
INFO: ngram_search_fwdtree.c(1570): fwdtree 1.90 wall 1.037 xRT
INFO: ngram_search_fwdflat.c(957): fwdflat 0.35 CPU 0.191 xRT
INFO: ngram_search_fwdflat.c(960): fwdflat 0.36 wall 0.195 xRT
INFO: ngram_search.c(874): bestpath 0.00 CPU 0.000 xRT
INFO: ngram_search.c(877): bestpath 0.00 wall 0.001 xRT
INFO: ngram_search_fwdtree.c(1567): fwdtree 0.69 CPU 0.381 xRT
INFO: ngram_search_fwdtree.c(1570): fwdtree 2.82 wall 1.559 xRT
INFO: ngram_search_fwdflat.c(957): fwdflat 0.31 CPU 0.171 xRT
INFO: ngram_search_fwdflat.c(960): fwdflat 0.31 wall 0.170 xRT
INFO: ngram_search.c(874): bestpath 0.00 CPU 0.000 xRT
INFO: ngram_search.c(877): bestpath 0.00 wall 0.000 xRT
INFO: ngram_search_fwdtree.c(1567): fwdtree 0.35 CPU 0.422 xRT
INFO: ngram_search_fwdtree.c(1570): fwdtree 1.83 wall 2.204 xRT
INFO: ngram_search_fwdflat.c(957): fwdflat 0.10 CPU 0.120 xRT
INFO: ngram_search_fwdflat.c(960): fwdflat 0.10 wall 0.116 xRT
INFO: ngram_search.c(874): bestpath 0.00 CPU 0.000 xRT
INFO: ngram_search.c(877): bestpath 0.00 wall 0.001 xRT
INFO: ngram_search_fwdtree.c(1567): fwdtree 0.36 CPU 0.419 xRT
INFO: ngram_search_fwdtree.c(1570): fwdtree 0.93 wall 1.085 xRT
INFO: ngram_search_fwdflat.c(957): fwdflat 0.15 CPU 0.174 xRT
INFO: ngram_search_fwdflat.c(960): fwdflat 0.15 wall 0.176 xRT
INFO: ngram_search.c(874): bestpath 0.01 CPU 0.012 xRT
INFO: ngram_search.c(877): bestpath 0.00 wall 0.001 xRT
INFO: ngram_search_fwdtree.c(1567): fwdtree 0.61 CPU 0.367 xRT
INFO: ngram_search_fwdtree.c(1570): fwdtree 1.73 wall 1.044 xRT
INFO: ngram_search_fwdflat.c(957): fwdflat 0.18 CPU 0.108 xRT
INFO: ngram_search_fwdflat.c(960): fwdflat 0.18 wall 0.109 xRT
INFO: ngram_search.c(874): bestpath 0.00 CPU 0.000 xRT
INFO: ngram_search.c(877): bestpath 0.00 wall 0.000 xRT
INFO: ngram_search_fwdtree.c(1567): fwdtree 0.67 CPU 0.356 xRT
INFO: ngram_search_fwdtree.c(1570): fwdtree 1.96 wall 1.041 xRT
INFO: ngram_search_fwdflat.c(957): fwdflat 0.22 CPU 0.117 xRT
INFO: ngram_search_fwdflat.c(960): fwdflat 0.22 wall 0.117 xRT
INFO: ngram_search.c(874): bestpath 0.00 CPU 0.000 xRT
INFO: ngram_search.c(877): bestpath 0.00 wall 0.000 xRT
INFO: ngram_search_fwdtree.c(1567): fwdtree 0.74 CPU 0.354 xRT
INFO: ngram_search_fwdtree.c(1570): fwdtree 2.16 wall 1.032 xRT
INFO: ngram_search_fwdflat.c(957): fwdflat 0.19 CPU 0.091 xRT
INFO: ngram_search_fwdflat.c(960): fwdflat 0.19 wall 0.093 xRT
INFO: ngram_search.c(874): bestpath 0.00 CPU 0.000 xRT
INFO: ngram_search.c(877): bestpath 0.00 wall 0.000 xRT
INFO: ngram_search_fwdtree.c(1567): fwdtree 1.14 CPU 0.344 xRT
INFO: ngram_search_fwdtree.c(1570): fwdtree 3.40 wall 1.027 xRT
INFO: ngram_search_fwdflat.c(957): fwdflat 0.47 CPU 0.142 xRT
INFO: ngram_search_fwdflat.c(960): fwdflat 0.46 wall 0.140 xRT
INFO: ngram_search.c(874): bestpath 0.00 CPU 0.000 xRT
INFO: ngram_search.c(877): bestpath 0.00 wall 0.001 xRT
INFO: ngram_search_fwdtree.c(1567): fwdtree 0.54 CPU 0.380 xRT
INFO: ngram_search_fwdtree.c(1570): fwdtree 2.12 wall 1.495 xRT
INFO: ngram_search_fwdflat.c(957): fwdflat 0.24 CPU 0.169 xRT
INFO: ngram_search_fwdflat.c(960): fwdflat 0.23 wall 0.164 xRT
INFO: ngram_search.c(874): bestpath 0.00 CPU 0.000 xRT
INFO: ngram_search.c(877): bestpath 0.00 wall 0.001 xRT
INFO: ngram_search_fwdtree.c(1567): fwdtree 0.92 CPU 0.376 xRT
INFO: ngram_search_fwdtree.c(1570): fwdtree 3.27 wall 1.334 xRT
INFO: ngram_search_fwdflat.c(957): fwdflat 0.31 CPU 0.127 xRT
INFO: ngram_search_fwdflat.c(960): fwdflat 0.31 wall 0.128 xRT
INFO: ngram_search.c(874): bestpath 0.00 CPU 0.000 xRT
INFO: ngram_search.c(877): bestpath 0.00 wall 0.001 xRT
INFO: ngram_search_fwdtree.c(1567): fwdtree 0.76 CPU 0.376 xRT
INFO: ngram_search_fwdtree.c(1570): fwdtree 2.73 wall 1.351 xRT
INFO: ngram_search_fwdflat.c(957): fwdflat 0.27 CPU 0.134 xRT
INFO: ngram_search_fwdflat.c(960): fwdflat 0.28 wall 0.138 xRT
INFO: ngram_search.c(874): bestpath 0.01 CPU 0.005 xRT
INFO: ngram_search.c(877): bestpath 0.00 wall 0.000 xRT
INFO: ngram_search_fwdtree.c(1567): fwdtree 1.35 CPU 0.366 xRT
INFO: ngram_search_fwdtree.c(1570): fwdtree 5.86 wall 1.589 xRT
INFO: ngram_search_fwdflat.c(957): fwdflat 0.37 CPU 0.100 xRT
INFO: ngram_search_fwdflat.c(960): fwdflat 0.37 wall 0.099 xRT
INFO: ngram_search.c(874): bestpath 0.00 CPU 0.000 xRT
INFO: ngram_search.c(877): bestpath 0.00 wall 0.001 xRT
INFO: ngram_search_fwdtree.c(1567): fwdtree 0.56 CPU 0.368 xRT
INFO: ngram_search_fwdtree.c(1570): fwdtree 1.58 wall 1.039 xRT
INFO: ngram_search_fwdflat.c(957): fwdflat 0.21 CPU 0.138 xRT
INFO: ngram_search_fwdflat.c(960): fwdflat 0.20 wall 0.134 xRT
INFO: ngram_search.c(874): bestpath 0.00 CPU 0.000 xRT
INFO: ngram_search.c(877): bestpath 0.00 wall 0.001 xRT
INFO: ngram_search_fwdtree.c(1567): fwdtree 0.80 CPU 0.374 xRT
INFO: ngram_search_fwdtree.c(1570): fwdtree 2.31 wall 1.079 xRT
INFO: ngram_search_fwdflat.c(957): fwdflat 0.38 CPU 0.178 xRT
INFO: ngram_search_fwdflat.c(960): fwdflat 0.38 wall 0.176 xRT
INFO: ngram_search.c(874): bestpath 0.00 CPU 0.000 xRT
INFO: ngram_search.c(877): bestpath 0.01 wall 0.003 xRT
INFO: ngram_search_fwdtree.c(1567): fwdtree 0.62 CPU 0.371 xRT
INFO: ngram_search_fwdtree.c(1570): fwdtree 2.16 wall 1.291 xRT
INFO: ngram_search_fwdflat.c(957): fwdflat 0.26 CPU 0.156 xRT
INFO: ngram_search_fwdflat.c(960): fwdflat 0.26 wall 0.157 xRT
INFO: ngram_search.c(874): bestpath 0.00 CPU 0.000 xRT
INFO: ngram_search.c(877): bestpath 0.00 wall 0.000 xRT
INFO: ngram_search_fwdtree.c(1567): fwdtree 0.84 CPU 0.368 xRT
INFO: ngram_search_fwdtree.c(1570): fwdtree 2.35 wall 1.029 xRT
INFO: ngram_search_fwdflat.c(957): fwdflat 0.50 CPU 0.219 xRT
INFO: ngram_search_fwdflat.c(960): fwdflat 0.50 wall 0.218 xRT
INFO: ngram_search.c(874): bestpath 0.00 CPU 0.000 xRT
INFO: ngram_search.c(877): bestpath 0.01 wall 0.003 xRT
INFO: ngram_search_fwdtree.c(1567): fwdtree 0.98 CPU 0.344 xRT
INFO: ngram_search_fwdtree.c(1570): fwdtree 2.99 wall 1.048 xRT
INFO: ngram_search_fwdflat.c(957): fwdflat 0.42 CPU 0.147 xRT
INFO: ngram_search_fwdflat.c(960): fwdflat 0.42 wall 0.146 xRT
INFO: ngram_search.c(874): bestpath 0.00 CPU 0.000 xRT
INFO: ngram_search.c(877): bestpath 0.00 wall 0.000 xRT
INFO: ngram_search_fwdtree.c(1567): fwdtree 1.48 CPU 0.360 xRT
INFO: ngram_search_fwdtree.c(1570): fwdtree 4.17 wall 1.015 xRT
INFO: ngram_search_fwdflat.c(957): fwdflat 0.33 CPU 0.080 xRT
INFO: ngram_search_fwdflat.c(960): fwdflat 0.34 wall 0.083 xRT
INFO: ngram_search.c(874): bestpath 0.01 CPU 0.002 xRT
INFO: ngram_search.c(877): bestpath 0.00 wall 0.000 xRT
INFO: ngram_search_fwdtree.c(1567): fwdtree 1.13 CPU 0.370 xRT
INFO: ngram_search_fwdtree.c(1570): fwdtree 4.23 wall 1.387 xRT
INFO: ngram_search_fwdflat.c(957): fwdflat 0.38 CPU 0.125 xRT
INFO: ngram_search_fwdflat.c(960): fwdflat 0.37 wall 0.123 xRT
INFO: ngram_search.c(874): bestpath 0.00 CPU 0.000 xRT
INFO: ngram_search.c(877): bestpath 0.00 wall 0.001 xRT
INFO: ngram_search_fwdtree.c(1567): fwdtree 1.07 CPU 0.368 xRT
INFO: ngram_search_fwdtree.c(1570): fwdtree 2.99 wall 1.027 xRT
INFO: ngram_search_fwdflat.c(957): fwdflat 0.56 CPU 0.192 xRT
INFO: ngram_search_fwdflat.c(960): fwdflat 0.56 wall 0.193 xRT
INFO: ngram_search.c(874): bestpath 0.00 CPU 0.000 xRT
INFO: ngram_search.c(877): bestpath 0.00 wall 0.001 xRT
INFO: ngram_search_fwdtree.c(1567): fwdtree 0.93 CPU 0.355 xRT
INFO: ngram_search_fwdtree.c(1570): fwdtree 2.69 wall 1.028 xRT
INFO: ngram_search_fwdflat.c(957): fwdflat 0.29 CPU 0.111 xRT
INFO: ngram_search_fwdflat.c(960): fwdflat 0.29 wall 0.109 xRT
INFO: ngram_search.c(874): bestpath 0.00 CPU 0.000 xRT
INFO: ngram_search.c(877): bestpath 0.00 wall 0.001 xRT
INFO: ngram_search_fwdtree.c(1567): fwdtree 1.47 CPU 0.332 xRT
INFO: ngram_search_fwdtree.c(1570): fwdtree 4.91 wall 1.108 xRT
INFO: ngram_search_fwdflat.c(957): fwdflat 0.40 CPU 0.090 xRT
INFO: ngram_search_fwdflat.c(960): fwdflat 0.40 wall 0.090 xRT
INFO: ngram_search.c(874): bestpath 0.00 CPU 0.000 xRT
INFO: ngram_search.c(877): bestpath 0.00 wall 0.000 xRT
INFO: ngram_search_fwdtree.c(1567): fwdtree 0.55 CPU 0.348 xRT
INFO: ngram_search_fwdtree.c(1570): fwdtree 1.77 wall 1.121 xRT
INFO: ngram_search_fwdflat.c(957): fwdflat 0.26 CPU 0.165 xRT
INFO: ngram_search_fwdflat.c(960): fwdflat 0.26 wall 0.164 xRT
INFO: ngram_search.c(874): bestpath 0.00 CPU 0.000 xRT
INFO: ngram_search.c(877): bestpath 0.00 wall 0.000 xRT
INFO: ngram_search_fwdtree.c(1567): fwdtree 0.42 CPU 0.350 xRT
INFO: ngram_search_fwdtree.c(1570): fwdtree 1.26 wall 1.050 xRT
INFO: ngram_search_fwdflat.c(957): fwdflat 0.22 CPU 0.183 xRT
INFO: ngram_search_fwdflat.c(960): fwdflat 0.21 wall 0.179 xRT
INFO: ngram_search.c(874): bestpath 0.00 CPU 0.000 xRT
INFO: ngram_search.c(877): bestpath 0.00 wall 0.001 xRT
INFO: ngram_search_fwdtree.c(1567): fwdtree 0.93 CPU 0.371 xRT
INFO: ngram_search_fwdtree.c(1570): fwdtree 2.92 wall 1.164 xRT
INFO: ngram_search_fwdflat.c(957): fwdflat 0.47 CPU 0.187 xRT
INFO: ngram_search_fwdflat.c(960): fwdflat 0.46 wall 0.185 xRT
INFO: ngram_search.c(874): bestpath 0.00 CPU 0.000 xRT
INFO: ngram_search.c(877): bestpath 0.00 wall 0.001 xRT
INFO: ngram_search_fwdtree.c(1567): fwdtree 1.11 CPU 0.344 xRT
INFO: ngram_search_fwdtree.c(1570): fwdtree 3.31 wall 1.023 xRT
INFO: ngram_search_fwdflat.c(957): fwdflat 0.47 CPU 0.146 xRT
INFO: ngram_search_fwdflat.c(960): fwdflat 0.46 wall 0.144 xRT
INFO: ngram_search.c(874): bestpath 0.00 CPU 0.000 xRT
INFO: ngram_search.c(877): bestpath 0.00 wall 0.001 xRT
INFO: ngram_search_fwdtree.c(1567): fwdtree 1.00 CPU 0.365 xRT
INFO: ngram_search_fwdtree.c(1570): fwdtree 2.82 wall 1.030 xRT
INFO: ngram_search_fwdflat.c(957): fwdflat 0.46 CPU 0.168 xRT
INFO: ngram_search_fwdflat.c(960): fwdflat 0.47 wall 0.170 xRT
INFO: ngram_search.c(874): bestpath 0.00 CPU 0.000 xRT
INFO: ngram_search.c(877): bestpath 0.00 wall 0.000 xRT
INFO: ngram_search_fwdtree.c(1567): fwdtree 1.14 CPU 0.357 xRT
INFO: ngram_search_fwdtree.c(1570): fwdtree 3.30 wall 1.036 xRT
INFO: ngram_search_fwdflat.c(957): fwdflat 0.51 CPU 0.160 xRT
INFO: ngram_search_fwdflat.c(960): fwdflat 0.52 wall 0.162 xRT
INFO: ngram_search.c(874): bestpath 0.01 CPU 0.003 xRT
INFO: ngram_search.c(877): bestpath 0.00 wall 0.001 xRT
INFO: ngram_search_fwdtree.c(1567): fwdtree 0.69 CPU 0.358 xRT
INFO: ngram_search_fwdtree.c(1570): fwdtree 2.00 wall 1.034 xRT
INFO: ngram_search_fwdflat.c(957): fwdflat 0.32 CPU 0.166 xRT
INFO: ngram_search_fwdflat.c(960): fwdflat 0.32 wall 0.165 xRT
INFO: ngram_search.c(874): bestpath 0.01 CPU 0.005 xRT
INFO: ngram_search.c(877): bestpath 0.00 wall 0.001 xRT
INFO: ngram_search_fwdtree.c(1567): fwdtree 0.99 CPU 0.350 xRT
INFO: ngram_search_fwdtree.c(1570): fwdtree 2.89 wall 1.021 xRT
INFO: ngram_search_fwdflat.c(957): fwdflat 0.45 CPU 0.159 xRT
INFO: ngram_search_fwdflat.c(960): fwdflat 0.45 wall 0.158 xRT
INFO: ngram_search.c(874): bestpath 0.00 CPU 0.000 xRT
INFO: ngram_search.c(877): bestpath 0.00 wall 0.001 xRT
INFO: ngram_search_fwdtree.c(1567): fwdtree 0.67 CPU 0.364 xRT
INFO: ngram_search_fwdtree.c(1570): fwdtree 1.90 wall 1.033 xRT
INFO: ngram_search_fwdflat.c(957): fwdflat 0.27 CPU 0.147 xRT
INFO: ngram_search_fwdflat.c(960): fwdflat 0.27 wall 0.148 xRT
INFO: ngram_search.c(874): bestpath 0.00 CPU 0.000 xRT
INFO: ngram_search.c(877): bestpath 0.00 wall 0.001 xRT
INFO: ngram_search_fwdtree.c(1567): fwdtree 0.73 CPU 0.358 xRT
INFO: ngram_search_fwdtree.c(1570): fwdtree 2.12 wall 1.039 xRT
INFO: ngram_search_fwdflat.c(957): fwdflat 0.33 CPU 0.162 xRT
INFO: ngram_search_fwdflat.c(960): fwdflat 0.32 wall 0.159 xRT
INFO: ngram_search.c(874): bestpath 0.00 CPU 0.000 xRT
INFO: ngram_search.c(877): bestpath 0.00 wall 0.001 xRT
INFO: ngram_search_fwdtree.c(1567): fwdtree 0.94 CPU 0.363 xRT
INFO: ngram_search_fwdtree.c(1570): fwdtree 3.85 wall 1.486 xRT
INFO: ngram_search_fwdflat.c(957): fwdflat 0.46 CPU 0.178 xRT
INFO: ngram_search_fwdflat.c(960): fwdflat 0.46 wall 0.179 xRT
INFO: ngram_search.c(874): bestpath 0.00 CPU 0.000 xRT
INFO: ngram_search.c(877): bestpath 0.00 wall 0.000 xRT
INFO: ngram_search_fwdtree.c(1567): fwdtree 1.26 CPU 0.366 xRT
INFO: ngram_search_fwdtree.c(1570): fwdtree 4.62 wall 1.342 xRT
INFO: ngram_search_fwdflat.c(957): fwdflat 0.41 CPU 0.119 xRT
INFO: ngram_search_fwdflat.c(960): fwdflat 0.41 wall 0.120 xRT
INFO: ngram_search.c(874): bestpath 0.00 CPU 0.000 xRT
INFO: ngram_search.c(877): bestpath 0.00 wall 0.000 xRT
INFO: ngram_search_fwdtree.c(1567): fwdtree 1.27 CPU 0.370 xRT
INFO: ngram_search_fwdtree.c(1570): fwdtree 3.49 wall 1.019 xRT
INFO: ngram_search_fwdflat.c(957): fwdflat 0.40 CPU 0.117 xRT
INFO: ngram_search_fwdflat.c(960): fwdflat 0.41 wall 0.119 xRT
INFO: ngram_search.c(874): bestpath 0.01 CPU 0.003 xRT
INFO: ngram_search.c(877): bestpath 0.00 wall 0.001 xRT
INFO: ngram_search_fwdtree.c(1567): fwdtree 0.70 CPU 0.355 xRT
INFO: ngram_search_fwdtree.c(1570): fwdtree 2.31 wall 1.174 xRT
INFO: ngram_search_fwdflat.c(957): fwdflat 0.24 CPU 0.122 xRT
INFO: ngram_search_fwdflat.c(960): fwdflat 0.25 wall 0.126 xRT
INFO: ngram_search.c(874): bestpath 0.00 CPU 0.000 xRT
INFO: ngram_search.c(877): bestpath 0.00 wall 0.000 xRT
INFO: ngram_search_fwdtree.c(1567): fwdtree 1.10 CPU 0.361 xRT
INFO: ngram_search_fwdtree.c(1570): fwdtree 3.15 wall 1.032 xRT
INFO: ngram_search_fwdflat.c(957): fwdflat 0.43 CPU 0.141 xRT
INFO: ngram_search_fwdflat.c(960): fwdflat 0.44 wall 0.143 xRT
INFO: ngram_search.c(874): bestpath 0.01 CPU 0.003 xRT
INFO: ngram_search.c(877): bestpath 0.00 wall 0.001 xRT
INFO: ngram_search_fwdtree.c(1567): fwdtree 0.96 CPU 0.361 xRT
INFO: ngram_search_fwdtree.c(1570): fwdtree 2.73 wall 1.027 xRT
INFO: ngram_search_fwdflat.c(957): fwdflat 0.42 CPU 0.158 xRT
INFO: ngram_search_fwdflat.c(960): fwdflat 0.42 wall 0.158 xRT
INFO: ngram_search.c(874): bestpath 0.00 CPU 0.000 xRT
INFO: ngram_search.c(877): bestpath 0.00 wall 0.001 xRT
INFO: ngram_search_fwdtree.c(1567): fwdtree 0.64 CPU 0.366 xRT
INFO: ngram_search_fwdtree.c(1570): fwdtree 1.83 wall 1.046 xRT
INFO: ngram_search_fwdflat.c(957): fwdflat 0.23 CPU 0.131 xRT
INFO: ngram_search_fwdflat.c(960): fwdflat 0.23 wall 0.130 xRT
INFO: ngram_search.c(874): bestpath 0.00 CPU 0.000 xRT
INFO: ngram_search.c(877): bestpath 0.00 wall 0.000 xRT
INFO: ngram_search_fwdtree.c(1567): fwdtree 0.68 CPU 0.358 xRT
INFO: ngram_search_fwdtree.c(1570): fwdtree 1.97 wall 1.034 xRT
INFO: ngram_search_fwdflat.c(957): fwdflat 0.29 CPU 0.153 xRT
INFO: ngram_search_fwdflat.c(960): fwdflat 0.28 wall 0.149 xRT
INFO: ngram_search.c(874): bestpath 0.00 CPU 0.000 xRT
INFO: ngram_search.c(877): bestpath 0.00 wall 0.000 xRT
INFO: ngram_search_fwdtree.c(1567): fwdtree 0.32 CPU 0.427 xRT
INFO: ngram_search_fwdtree.c(1570): fwdtree 0.81 wall 1.080 xRT
INFO: ngram_search_fwdflat.c(957): fwdflat 0.17 CPU 0.227 xRT
INFO: ngram_search_fwdflat.c(960): fwdflat 0.16 wall 0.220 xRT
INFO: ngram_search.c(874): bestpath 0.00 CPU 0.000 xRT
INFO: ngram_search.c(877): bestpath 0.00 wall 0.003 xRT
INFO: ngram_search_fwdtree.c(1567): fwdtree 1.09 CPU 0.354 xRT
INFO: ngram_search_fwdtree.c(1570): fwdtree 3.17 wall 1.031 xRT
INFO: ngram_search_fwdflat.c(957): fwdflat 0.46 CPU 0.149 xRT
INFO: ngram_search_fwdflat.c(960): fwdflat 0.46 wall 0.148 xRT
INFO: ngram_search.c(874): bestpath 0.00 CPU 0.000 xRT
INFO: ngram_search.c(877): bestpath 0.00 wall 0.001 xRT
INFO: ngram_search_fwdtree.c(1567): fwdtree 1.47 CPU 0.379 xRT
INFO: ngram_search_fwdtree.c(1570): fwdtree 4.81 wall 1.240 xRT
INFO: ngram_search_fwdflat.c(957): fwdflat 0.43 CPU 0.111 xRT
INFO: ngram_search_fwdflat.c(960): fwdflat 0.44 wall 0.112 xRT
INFO: ngram_search.c(874): bestpath 0.01 CPU 0.003 xRT
INFO: ngram_search.c(877): bestpath 0.00 wall 0.001 xRT
INFO: ngram_search_fwdtree.c(1567): fwdtree 0.94 CPU 0.363 xRT
INFO: ngram_search_fwdtree.c(1570): fwdtree 2.67 wall 1.029 xRT
INFO: ngram_search_fwdflat.c(957): fwdflat 0.34 CPU 0.131 xRT
INFO: ngram_search_fwdflat.c(960): fwdflat 0.34 wall 0.131 xRT
INFO: ngram_search.c(874): bestpath 0.00 CPU 0.000 xRT
INFO: ngram_search.c(877): bestpath 0.00 wall 0.001 xRT
INFO: ngram_search_fwdtree.c(1567): fwdtree 0.85 CPU 0.381 xRT
INFO: ngram_search_fwdtree.c(1570): fwdtree 2.31 wall 1.036 xRT
INFO: ngram_search_fwdflat.c(957): fwdflat 0.43 CPU 0.193 xRT
INFO: ngram_search_fwdflat.c(960): fwdflat 0.43 wall 0.193 xRT
INFO: ngram_search.c(874): bestpath 0.00 CPU 0.000 xRT
INFO: ngram_search.c(877): bestpath 0.00 wall 0.001 xRT
INFO: ngram_search_fwdtree.c(1567): fwdtree 1.04 CPU 0.395 xRT
INFO: ngram_search_fwdtree.c(1570): fwdtree 3.72 wall 1.415 xRT
INFO: ngram_search_fwdflat.c(957): fwdflat 0.46 CPU 0.175 xRT
INFO: ngram_search_fwdflat.c(960): fwdflat 0.46 wall 0.175 xRT
INFO: ngram_search.c(874): bestpath 0.00 CPU 0.000 xRT
INFO: ngram_search.c(877): bestpath 0.00 wall 0.001 xRT
INFO: ngram_search_fwdtree.c(1567): fwdtree 1.05 CPU 0.382 xRT
INFO: ngram_search_fwdtree.c(1570): fwdtree 2.95 wall 1.072 xRT
INFO: ngram_search_fwdflat.c(957): fwdflat 0.54 CPU 0.196 xRT
INFO: ngram_search_fwdflat.c(960): fwdflat 0.54 wall 0.197 xRT
INFO: ngram_search.c(874): bestpath 0.00 CPU 0.000 xRT
INFO: ngram_search.c(877): bestpath 0.01 wall 0.002 xRT
INFO: ngram_search_fwdtree.c(1567): fwdtree 0.68 CPU 0.415 xRT
INFO: ngram_search_fwdtree.c(1570): fwdtree 2.47 wall 1.508 xRT
INFO: ngram_search_fwdflat.c(957): fwdflat 0.36 CPU 0.220 xRT
INFO: ngram_search_fwdflat.c(960): fwdflat 0.36 wall 0.222 xRT
INFO: ngram_search.c(874): bestpath 0.00 CPU 0.000 xRT
INFO: ngram_search.c(877): bestpath 0.00 wall 0.001 xRT
INFO: ngram_search_fwdtree.c(1567): fwdtree 0.87 CPU 0.363 xRT
INFO: ngram_search_fwdtree.c(1570): fwdtree 3.02 wall 1.258 xRT
INFO: ngram_search_fwdflat.c(957): fwdflat 0.34 CPU 0.142 xRT
INFO: ngram_search_fwdflat.c(960): fwdflat 0.34 wall 0.143 xRT
INFO: ngram_search.c(874): bestpath 0.00 CPU 0.000 xRT
INFO: ngram_search.c(877): bestpath 0.00 wall 0.001 xRT
INFO: ngram_search_fwdtree.c(1567): fwdtree 0.41 CPU 0.373 xRT
INFO: ngram_search_fwdtree.c(1570): fwdtree 1.26 wall 1.142 xRT
INFO: ngram_search_fwdflat.c(957): fwdflat 0.13 CPU 0.118 xRT
INFO: ngram_search_fwdflat.c(960): fwdflat 0.13 wall 0.118 xRT
INFO: ngram_search.c(874): bestpath 0.00 CPU 0.000 xRT
INFO: ngram_search.c(877): bestpath 0.00 wall 0.000 xRT
INFO: ngram_search_fwdtree.c(1567): fwdtree 1.84 CPU 0.411 xRT
INFO: ngram_search_fwdtree.c(1570): fwdtree 4.55 wall 1.016 xRT
INFO: ngram_search_fwdflat.c(957): fwdflat 1.08 CPU 0.241 xRT
INFO: ngram_search_fwdflat.c(960): fwdflat 1.08 wall 0.241 xRT
INFO: ngram_search.c(874): bestpath 0.06 CPU 0.013 xRT
INFO: ngram_search.c(877): bestpath 0.06 wall 0.013 xRT
INFO: ngram_search_fwdtree.c(432): TOTAL fwdtree 53.54 CPU 0.368 xRT
INFO: ngram_search_fwdtree.c(435): TOTAL fwdtree 167.59 wall 1.153 xRT
INFO: ngram_search_fwdflat.c(176): TOTAL fwdflat 21.99 CPU 0.151 xRT
INFO: ngram_search_fwdflat.c(179): TOTAL fwdflat 22.00 wall 0.151 xRT
INFO: ngram_search.c(303): TOTAL bestpath 0.17 CPU 0.001 xRT
INFO: ngram_search.c(306): TOTAL bestpath 0.18 wall 0.001 xRT
